# JRE version: OpenJDK Runtime Environment Temurin-23.0.2+7 (23.0.2+7) (build 23.0.2+7)
# Java VM: OpenJDK 64-Bit Server VM Temurin-23.0.2+7 (23.0.2+7, mixed mode, emulated-client, sharing, tiered, compressed oops, compressed class ptrs, g1 gc, bsd-aarch64)
Heap:
 garbage-first heap   total reserved 2097152K, committed 58368K, used 32439K [0x0000000780000000, 0x0000000800000000)
  region size 1024K, 10 young (10240K), 4 survivors (4096K)
 Metaspace       used 58379K, committed 58944K, reserved 1114112K
  class space    used 7942K, committed 8192K, reserved 1048576K
GC Heap History (20 events):
Event: 1.645 GC heap before
{Heap before GC invocations=2 (full 0):
 garbage-first heap   total reserved 2097152K, committed 133120K, used 31275K [0x0000000780000000, 0x0000000800000000)
  region size 1024K, 23 young (23552K), 2 survivors (2048K)
 Metaspace       used 21138K, committed 21504K, reserved 1114112K
  class space    used 2613K, committed 2816K, reserved 1048576K
}
Event: 1.647 GC heap after
{Heap after GC invocations=3 (full 0):
 garbage-first heap   total reserved 2097152K, committed 133120K, used 12152K [0x0000000780000000, 0x0000000800000000)
  region size 1024K, 4 young (4096K), 4 survivors (4096K)
 Metaspace       used 21138K, committed 21504K, reserved 1114112K
  class space    used 2613K, committed 2816K, reserved 1048576K
}
Event: 1.755 GC heap before
{Heap before GC invocations=4 (full 0):
 garbage-first heap   total reserved 2097152K, committed 48128K, used 36728K [0x0000000780000000, 0x0000000800000000)
  region size 1024K, 28 young (28672K), 4 survivors (4096K)
 Metaspace       used 25688K, committed 25984K, reserved 1114112K
  class space    used 3190K, committed 3328K, reserved 1048576K
}
Event: 1.758 GC heap after
{Heap after GC invocations=5 (full 0):
 garbage-first heap   total reserved 2097152K, committed 48128K, used 13695K [0x0000000780000000, 0x0000000800000000)
  region size 1024K, 3 young (3072K), 3 survivors (3072K)
 Metaspace       used 25688K, committed 25984K, reserved 1114112K
  class space    used 3190K, committed 3328K, reserved 1048576K
}
Event: 1.922 GC heap before
{Heap before GC invocations=5 (full 0):
 garbage-first heap   total reserved 2097152K, committed 48128K, used 34175K [0x0000000780000000, 0x0000000800000000)
  region size 1024K, 23 young (23552K), 3 survivors (3072K)
 Metaspace       used 27758K, committed 28160K, reserved 1114112K
  class space    used 3518K, committed 3712K, reserved 1048576K
}
Event: 1.924 GC heap after
{Heap after GC invocations=6 (full 0):
 garbage-first heap   total reserved 2097152K, committed 48128K, used 15524K [0x0000000780000000, 0x0000000800000000)
  region size 1024K, 3 young (3072K), 3 survivors (3072K)
 Metaspace       used 27758K, committed 28160K, reserved 1114112K
  class space    used 3518K, committed 3712K, reserved 1048576K
}
Event: 2.120 GC heap before
{Heap before GC invocations=6 (full 0):
 garbage-first heap   total reserved 2097152K, committed 48128K, used 37028K [0x0000000780000000, 0x0000000800000000)
  region size 1024K, 24 young (24576K), 3 survivors (3072K)
 Metaspace       used 30306K, committed 30784K, reserved 1114112K
  class space    used 3901K, committed 4096K, reserved 1048576K
}
Event: 2.124 GC heap after
{Heap after GC invocations=7 (full 0):
 garbage-first heap   total reserved 2097152K, committed 48128K, used 17190K [0x0000000780000000, 0x0000000800000000)
  region size 1024K, 2 young (2048K), 2 survivors (2048K)
 Metaspace       used 30306K, committed 30784K, reserved 1114112K
  class space    used 3901K, committed 4096K, reserved 1048576K
}
Event: 2.329 GC heap before
{Heap before GC invocations=7 (full 0):
 garbage-first heap   total reserved 2097152K, committed 48128K, used 37670K [0x0000000780000000, 0x0000000800000000)
  region size 1024K, 22 young (22528K), 2 survivors (2048K)
 Metaspace       used 33517K, committed 33984K, reserved 1114112K
  class space    used 4392K, committed 4608K, reserved 1048576K
}
Event: 2.333 GC heap after
{Heap after GC invocations=8 (full 0):
 garbage-first heap   total reserved 2097152K, committed 58368K, used 19023K [0x0000000780000000, 0x0000000800000000)
  region size 1024K, 3 young (3072K), 3 survivors (3072K)
 Metaspace       used 33517K, committed 33984K, reserved 1114112K
  class space    used 4392K, committed 4608K, reserved 1048576K
}
Event: 2.483 GC heap before
{Heap before GC invocations=8 (full 0):
 garbage-first heap   total reserved 2097152K, committed 58368K, used 34383K [0x0000000780000000, 0x0000000800000000)
  region size 1024K, 19 young (19456K), 3 survivors (3072K)
 Metaspace       used 35646K, committed 36096K, reserved 1114112K
  class space    used 4699K, committed 4928K, reserved 1048576K
}
Event: 2.487 GC heap after
{Heap after GC invocations=9 (full 0):
 garbage-first heap   total reserved 2097152K, committed 58368K, used 20722K [0x0000000780000000, 0x0000000800000000)
  region size 1024K, 4 young (4096K), 4 survivors (4096K)
 Metaspace       used 35646K, committed 36096K, reserved 1114112K
  class space    used 4699K, committed 4928K, reserved 1048576K
}
Event: 2.752 GC heap before
{Heap before GC invocations=10 (full 0):
 garbage-first heap   total reserved 2097152K, committed 58368K, used 47346K [0x0000000780000000, 0x0000000800000000)
  region size 1024K, 30 young (30720K), 4 survivors (4096K)
 Metaspace       used 41304K, committed 41792K, reserved 1114112K
  class space    used 5605K, committed 5824K, reserved 1048576K
}
Event: 2.755 GC heap after
{Heap after GC invocations=11 (full 0):
 garbage-first heap   total reserved 2097152K, committed 58368K, used 21321K [0x0000000780000000, 0x0000000800000000)
  region size 1024K, 3 young (3072K), 3 survivors (3072K)
 Metaspace       used 41304K, committed 41792K, reserved 1114112K
  class space    used 5605K, committed 5824K, reserved 1048576K
}
Event: 3.331 GC heap before
{Heap before GC invocations=11 (full 0):
 garbage-first heap   total reserved 2097152K, committed 58368K, used 46921K [0x0000000780000000, 0x0000000800000000)
  region size 1024K, 28 young (28672K), 3 survivors (3072K)
 Metaspace       used 49888K, committed 50496K, reserved 1114112K
  class space    used 6699K, committed 6976K, reserved 1048576K
}
Event: 3.334 GC heap after
{Heap after GC invocations=12 (full 0):
 garbage-first heap   total reserved 2097152K, committed 58368K, used 23087K [0x0000000780000000, 0x0000000800000000)
  region size 1024K, 4 young (4096K), 4 survivors (4096K)
 Metaspace       used 49888K, committed 50496K, reserved 1114112K
  class space    used 6699K, committed 6976K, reserved 1048576K
}
Event: 3.588 GC heap before
{Heap before GC invocations=12 (full 0):
 garbage-first heap   total reserved 2097152K, committed 58368K, used 48687K [0x0000000780000000, 0x0000000800000000)
  region size 1024K, 30 young (30720K), 4 survivors (4096K)
 Metaspace       used 55236K, committed 55808K, reserved 1114112K
  class space    used 7517K, committed 7808K, reserved 1048576K
}
Event: 3.591 GC heap after
{Heap after GC invocations=13 (full 0):
 garbage-first heap   total reserved 2097152K, committed 58368K, used 24857K [0x0000000780000000, 0x0000000800000000)
  region size 1024K, 4 young (4096K), 4 survivors (4096K)
 Metaspace       used 55236K, committed 55808K, reserved 1114112K
  class space    used 7517K, committed 7808K, reserved 1048576K
}
Event: 3.822 GC heap before
{Heap before GC invocations=13 (full 0):
 garbage-first heap   total reserved 2097152K, committed 58368K, used 49433K [0x0000000780000000, 0x0000000800000000)
  region size 1024K, 28 young (28672K), 4 survivors (4096K)
 Metaspace       used 57973K, committed 58496K, reserved 1114112K
  class space    used 7884K, committed 8128K, reserved 1048576K
}
Event: 3.825 GC heap after
{Heap after GC invocations=14 (full 0):
 garbage-first heap   total reserved 2097152K, committed 58368K, used 27270K [0x0000000780000000, 0x0000000800000000)
  region size 1024K, 4 young (4096K), 4 survivors (4096K)
 Metaspace       used 57973K, committed 58496K, reserved 1114112K
  class space    used 7884K, committed 8128K, reserved 1048576K
}

