# JRE version: OpenJDK Runtime Environment Temurin-23.0.2+7 (23.0.2+7) (build 23.0.2+7)
# Java VM: OpenJDK 64-Bit Server VM Temurin-23.0.2+7 (23.0.2+7, mixed mode, emulated-client, sharing, tiered, compressed oops, compressed class ptrs, g1 gc, bsd-aarch64)
Heap:
 garbage-first heap   total reserved 2097152K, committed 54272K, used 40897K [0x0000000780000000, 0x0000000800000000)
  region size 1024K, 15 young (15360K), 2 survivors (2048K)
 Metaspace       used 67405K, committed 67968K, reserved 1114112K
  class space    used 9384K, committed 9600K, reserved 1048576K
GC Heap History (20 events):
Event: 6.103 GC heap before
{Heap before GC invocations=6 (full 0):
 garbage-first heap   total reserved 2097152K, committed 45056K, used 34433K [0x0000000780000000, 0x0000000800000000)
  region size 1024K, 22 young (22528K), 3 survivors (3072K)
 Metaspace       used 29784K, committed 30144K, reserved 1114112K
  class space    used 3826K, committed 3968K, reserved 1048576K
}
Event: 6.112 GC heap after
{Heap after GC invocations=7 (full 0):
 garbage-first heap   total reserved 2097152K, committed 45056K, used 16119K [0x0000000780000000, 0x0000000800000000)
  region size 1024K, 2 young (2048K), 2 survivors (2048K)
 Metaspace       used 29784K, committed 30144K, reserved 1114112K
  class space    used 3826K, committed 3968K, reserved 1048576K
}
Event: 6.554 GC heap before
{Heap before GC invocations=7 (full 0):
 garbage-first heap   total reserved 2097152K, committed 45056K, used 35575K [0x0000000780000000, 0x0000000800000000)
  region size 1024K, 21 young (21504K), 2 survivors (2048K)
 Metaspace       used 32316K, committed 32768K, reserved 1114112K
  class space    used 4271K, committed 4480K, reserved 1048576K
}
Event: 6.561 GC heap after
{Heap after GC invocations=8 (full 0):
 garbage-first heap   total reserved 2097152K, committed 54272K, used 18343K [0x0000000780000000, 0x0000000800000000)
  region size 1024K, 3 young (3072K), 3 survivors (3072K)
 Metaspace       used 32316K, committed 32768K, reserved 1114112K
  class space    used 4271K, committed 4480K, reserved 1048576K
}
Event: 7.075 GC heap before
{Heap before GC invocations=8 (full 0):
 garbage-first heap   total reserved 2097152K, committed 54272K, used 37799K [0x0000000780000000, 0x0000000800000000)
  region size 1024K, 24 young (24576K), 3 survivors (3072K)
 Metaspace       used 35487K, committed 35968K, reserved 1114112K
  class space    used 4693K, committed 4928K, reserved 1048576K
}
Event: 7.083 GC heap after
{Heap after GC invocations=9 (full 0):
 garbage-first heap   total reserved 2097152K, committed 54272K, used 20363K [0x0000000780000000, 0x0000000800000000)
  region size 1024K, 4 young (4096K), 4 survivors (4096K)
 Metaspace       used 35487K, committed 35968K, reserved 1114112K
  class space    used 4693K, committed 4928K, reserved 1048576K
}
Event: 7.531 GC heap before
{Heap before GC invocations=10 (full 0):
 garbage-first heap   total reserved 2097152K, committed 54272K, used 44939K [0x0000000780000000, 0x0000000800000000)
  region size 1024K, 28 young (28672K), 4 survivors (4096K)
 Metaspace       used 40735K, committed 41280K, reserved 1114112K
  class space    used 5507K, committed 5760K, reserved 1048576K
}
Event: 7.534 GC heap after
{Heap after GC invocations=11 (full 0):
 garbage-first heap   total reserved 2097152K, committed 54272K, used 21270K [0x0000000780000000, 0x0000000800000000)
  region size 1024K, 3 young (3072K), 3 survivors (3072K)
 Metaspace       used 40735K, committed 41280K, reserved 1114112K
  class space    used 5507K, committed 5760K, reserved 1048576K
}
Event: 8.268 GC heap before
{Heap before GC invocations=11 (full 0):
 garbage-first heap   total reserved 2097152K, committed 54272K, used 44822K [0x0000000780000000, 0x0000000800000000)
  region size 1024K, 27 young (27648K), 3 survivors (3072K)
 Metaspace       used 48835K, committed 49344K, reserved 1114112K
  class space    used 6571K, committed 6784K, reserved 1048576K
}
Event: 8.272 GC heap after
{Heap after GC invocations=12 (full 0):
 garbage-first heap   total reserved 2097152K, committed 54272K, used 22305K [0x0000000780000000, 0x0000000800000000)
  region size 1024K, 3 young (3072K), 3 survivors (3072K)
 Metaspace       used 48835K, committed 49344K, reserved 1114112K
  class space    used 6571K, committed 6784K, reserved 1048576K
}
Event: 8.796 GC heap before
{Heap before GC invocations=12 (full 0):
 garbage-first heap   total reserved 2097152K, committed 54272K, used 44833K [0x0000000780000000, 0x0000000800000000)
  region size 1024K, 26 young (26624K), 3 survivors (3072K)
 Metaspace       used 53550K, committed 54016K, reserved 1114112K
  class space    used 7189K, committed 7424K, reserved 1048576K
}
Event: 8.800 GC heap after
{Heap after GC invocations=13 (full 0):
 garbage-first heap   total reserved 2097152K, committed 54272K, used 23543K [0x0000000780000000, 0x0000000800000000)
  region size 1024K, 3 young (3072K), 3 survivors (3072K)
 Metaspace       used 53550K, committed 54016K, reserved 1114112K
  class space    used 7189K, committed 7424K, reserved 1048576K
}
Event: 9.331 GC heap before
{Heap before GC invocations=13 (full 0):
 garbage-first heap   total reserved 2097152K, committed 54272K, used 45047K [0x0000000780000000, 0x0000000800000000)
  region size 1024K, 25 young (25600K), 3 survivors (3072K)
 Metaspace       used 58756K, committed 59264K, reserved 1114112K
  class space    used 8102K, committed 8320K, reserved 1048576K
}
Event: 9.337 GC heap after
{Heap after GC invocations=14 (full 0):
 garbage-first heap   total reserved 2097152K, committed 54272K, used 24647K [0x0000000780000000, 0x0000000800000000)
  region size 1024K, 3 young (3072K), 3 survivors (3072K)
 Metaspace       used 58756K, committed 59264K, reserved 1114112K
  class space    used 8102K, committed 8320K, reserved 1048576K
}
Event: 9.468 GC heap before
{Heap before GC invocations=14 (full 0):
 garbage-first heap   total reserved 2097152K, committed 54272K, used 28743K [0x0000000780000000, 0x0000000800000000)
  region size 1024K, 9 young (9216K), 3 survivors (3072K)
 Metaspace       used 60149K, committed 60608K, reserved 1114112K
  class space    used 8304K, committed 8512K, reserved 1048576K
}
Event: 9.473 GC heap after
{Heap after GC invocations=15 (full 0):
 garbage-first heap   total reserved 2097152K, committed 54272K, used 24913K [0x0000000780000000, 0x0000000800000000)
  region size 1024K, 2 young (2048K), 2 survivors (2048K)
 Metaspace       used 60149K, committed 60608K, reserved 1114112K
  class space    used 8304K, committed 8512K, reserved 1048576K
}
Event: 9.871 GC heap before
{Heap before GC invocations=16 (full 0):
 garbage-first heap   total reserved 2097152K, committed 54272K, used 46417K [0x0000000780000000, 0x0000000800000000)
  region size 1024K, 23 young (23552K), 2 survivors (2048K)
 Metaspace       used 63057K, committed 63616K, reserved 1114112K
  class space    used 8799K, committed 9024K, reserved 1048576K
}
Event: 9.874 GC heap after
{Heap after GC invocations=17 (full 0):
 garbage-first heap   total reserved 2097152K, committed 54272K, used 26664K [0x0000000780000000, 0x0000000800000000)
  region size 1024K, 3 young (3072K), 3 survivors (3072K)
 Metaspace       used 63057K, committed 63616K, reserved 1114112K
  class space    used 8799K, committed 9024K, reserved 1048576K
}
Event: 10.186 GC heap before
{Heap before GC invocations=17 (full 0):
 garbage-first heap   total reserved 2097152K, committed 54272K, used 46120K [0x0000000780000000, 0x0000000800000000)
  region size 1024K, 22 young (22528K), 3 survivors (3072K)
 Metaspace       used 65882K, committed 66496K, reserved 1114112K
  class space    used 9127K, committed 9408K, reserved 1048576K
}
Event: 10.192 GC heap after
{Heap after GC invocations=18 (full 0):
 garbage-first heap   total reserved 2097152K, committed 54272K, used 28481K [0x0000000780000000, 0x0000000800000000)
  region size 1024K, 2 young (2048K), 2 survivors (2048K)
 Metaspace       used 65882K, committed 66496K, reserved 1114112K
  class space    used 9127K, committed 9408K, reserved 1048576K
}

